/bin/sh: 1: php: not found
/bin/sh: 1: php: not found

					"KILL ALL HUMANS!"
			          _____     /
			         /_____\
			    ____[\*---*/]____
			   /\ #\ \_____/ /# /\
			  /  \# \_.---._/ #/  \
			 /   /|\  |   |  /|\   \
			/___/ | | |   | | | \___\
			|  |  | | |---| | |  |  |
			|__|  \_| |_#_| |_/  |__|
			//\\  <\ _//^\\_ />  //\\
			\||/  |\//// \\\\/|  \||/
			      |   |   |   |
			      |---|   |---|
			      |---|   |---|
			      |   |   |   |
			      |___|   |___|
			      /   \   /   \
			     |_____| |_____|
			     |HHHHH| |HHHHH|

					"KILL ALL HUMANS!"
			          _____     /
			         /_____\
			    ____[\*---*/]____
			   /\ #\ \_____/ /# /\
			  /  \# \_.---._/ #/  \
			 /   /|\  |   |  /|\   \
			/___/ | | |   | | | \___\
			|  |  | | |---| | |  |  |
			|__|  \_| |_#_| |_/  |__|
			//\\  <\ _//^\\_ />  //\\
			\||/  |\//// \\\\/|  \||/
			      |   |   |   |
			      |---|   |---|
			      |---|   |---|
			      |   |   |   |
			      |___|   |___|
			      /   \   /   \
			     |_____| |_____|
			     |HHHHH| |HHHHH|

					"KILL ALL HUMANS!"
			          _____     /
			         /_____\
			    ____[\*---*/]____
			   /\ #\ \_____/ /# /\
			  /  \# \_.---._/ #/  \
			 /   /|\  |   |  /|\   \
			/___/ | | |   | | | \___\
			|  |  | | |---| | |  |  |
			|__|  \_| |_#_| |_/  |__|
			//\\  <\ _//^\\_ />  //\\
			\||/  |\//// \\\\/|  \||/
			      |   |   |   |
			      |---|   |---|
			      |---|   |---|
			      |   |   |   |
			      |___|   |___|
			      /   \   /   \
			     |_____| |_____|
			     |HHHHH| |HHHHH|

					"KILL ALL HUMANS!"
			          _____     /
			         /_____\
			    ____[\*---*/]____
			   /\ #\ \_____/ /# /\
			  /  \# \_.---._/ #/  \
			 /   /|\  |   |  /|\   \
			/___/ | | |   | | | \___\
			|  |  | | |---| | |  |  |
			|__|  \_| |_#_| |_/  |__|
			//\\  <\ _//^\\_ />  //\\
			\||/  |\//// \\\\/|  \||/
			      |   |   |   |
			      |---|   |---|
			      |---|   |---|
			      |   |   |   |
			      |___|   |___|
			      /   \   /   \
			     |_____| |_____|
			     |HHHHH| |HHHHH|

					"KILL ALL HUMANS!"
			          _____     /
			         /_____\
			    ____[\*---*/]____
			   /\ #\ \_____/ /# /\
			  /  \# \_.---._/ #/  \
			 /   /|\  |   |  /|\   \
			/___/ | | |   | | | \___\
			|  |  | | |---| | |  |  |
			|__|  \_| |_#_| |_/  |__|
			//\\  <\ _//^\\_ />  //\\
			\||/  |\//// \\\\/|  \||/
			      |   |   |   |
			      |---|   |---|
			      |---|   |---|
			      |   |   |   |
			      |___|   |___|
			      /   \   /   \
			     |_____| |_____|
			     |HHHHH| |HHHHH|

					"KILL ALL HUMANS!"
			          _____     /
			         /_____\
			    ____[\*---*/]____
			   /\ #\ \_____/ /# /\
			  /  \# \_.---._/ #/  \
			 /   /|\  |   |  /|\   \
			/___/ | | |   | | | \___\
			|  |  | | |---| | |  |  |
			|__|  \_| |_#_| |_/  |__|
			//\\  <\ _//^\\_ />  //\\
			\||/  |\//// \\\\/|  \||/
			      |   |   |   |
			      |---|   |---|
			      |---|   |---|
			      |   |   |   |
			      |___|   |___|
			      /   \   /   \
			     |_____| |_____|
			     |HHHHH| |HHHHH|

					"KILL ALL HUMANS!"
			          _____     /
			         /_____\
			    ____[\*---*/]____
			   /\ #\ \_____/ /# /\
			  /  \# \_.---._/ #/  \
			 /   /|\  |   |  /|\   \
			/___/ | | |   | | | \___\
			|  |  | | |---| | |  |  |
			|__|  \_| |_#_| |_/  |__|
			//\\  <\ _//^\\_ />  //\\
			\||/  |\//// \\\\/|  \||/
			      |   |   |   |
			      |---|   |---|
			      |---|   |---|
			      |   |   |   |
			      |___|   |___|
			      /   \   /   \
			     |_____| |_____|
			     |HHHHH| |HHHHH|

					"KILL ALL HUMANS!"
			          _____     /
			         /_____\
			    ____[\*---*/]____
			   /\ #\ \_____/ /# /\
			  /  \# \_.---._/ #/  \
			 /   /|\  |   |  /|\   \
			/___/ | | |   | | | \___\
			|  |  | | |---| | |  |  |
			|__|  \_| |_#_| |_/  |__|
			//\\  <\ _//^\\_ />  //\\
			\||/  |\//// \\\\/|  \||/
			      |   |   |   |
			      |---|   |---|
			      |---|   |---|
			      |   |   |   |
			      |___|   |___|
			      /   \   /   \
			     |_____| |_____|
			     |HHHHH| |HHHHH|

					"KILL ALL HUMANS!"
			          _____     /
			         /_____\
			    ____[\*---*/]____
			   /\ #\ \_____/ /# /\
			  /  \# \_.---._/ #/  \
			 /   /|\  |   |  /|\   \
			/___/ | | |   | | | \___\
			|  |  | | |---| | |  |  |
			|__|  \_| |_#_| |_/  |__|
			//\\  <\ _//^\\_ />  //\\
			\||/  |\//// \\\\/|  \||/
			      |   |   |   |
			      |---|   |---|
			      |---|   |---|
			      |   |   |   |
			      |___|   |___|
			      /   \   /   \
			     |_____| |_____|
			     |HHHHH| |HHHHH|

					"KILL ALL HUMANS!"
			          _____     /
			         /_____\
			    ____[\*---*/]____
			   /\ #\ \_____/ /# /\
			  /  \# \_.---._/ #/  \
			 /   /|\  |   |  /|\   \
			/___/ | | |   | | | \___\
			|  |  | | |---| | |  |  |
			|__|  \_| |_#_| |_/  |__|
			//\\  <\ _//^\\_ />  //\\
			\||/  |\//// \\\\/|  \||/
			      |   |   |   |
			      |---|   |---|
			      |---|   |---|
			      |   |   |   |
			      |___|   |___|
			      /   \   /   \
			     |_____| |_____|
			     |HHHHH| |HHHHH|

					"KILL ALL HUMANS!"
			          _____     /
			         /_____\
			    ____[\*---*/]____
			   /\ #\ \_____/ /# /\
			  /  \# \_.---._/ #/  \
			 /   /|\  |   |  /|\   \
			/___/ | | |   | | | \___\
			|  |  | | |---| | |  |  |
			|__|  \_| |_#_| |_/  |__|
			//\\  <\ _//^\\_ />  //\\
			\||/  |\//// \\\\/|  \||/
			      |   |   |   |
			      |---|   |---|
			      |---|   |---|
			      |   |   |   |
			      |___|   |___|
			      /   \   /   \
			     |_____| |_____|
			     |HHHHH| |HHHHH|

					"KILL ALL HUMANS!"
			          _____     /
			         /_____\
			    ____[\*---*/]____
			   /\ #\ \_____/ /# /\
			  /  \# \_.---._/ #/  \
			 /   /|\  |   |  /|\   \
			/___/ | | |   | | | \___\
			|  |  | | |---| | |  |  |
			|__|  \_| |_#_| |_/  |__|
			//\\  <\ _//^\\_ />  //\\
			\||/  |\//// \\\\/|  \||/
			      |   |   |   |
			      |---|   |---|
			      |---|   |---|
			      |   |   |   |
			      |___|   |___|
			      /   \   /   \
			     |_____| |_____|
			     |HHHHH| |HHHHH|

					"KILL ALL HUMANS!"
			          _____     /
			         /_____\
			    ____[\*---*/]____
			   /\ #\ \_____/ /# /\
			  /  \# \_.---._/ #/  \
			 /   /|\  |   |  /|\   \
			/___/ | | |   | | | \___\
			|  |  | | |---| | |  |  |
			|__|  \_| |_#_| |_/  |__|
			//\\  <\ _//^\\_ />  //\\
			\||/  |\//// \\\\/|  \||/
			      |   |   |   |
			      |---|   |---|
			      |---|   |---|
			      |   |   |   |
			      |___|   |___|
			      /   \   /   \
			     |_____| |_____|
			     |HHHHH| |HHHHH|

					"KILL ALL HUMANS!"
			          _____     /
			         /_____\
			    ____[\*---*/]____
			   /\ #\ \_____/ /# /\
			  /  \# \_.---._/ #/  \
			 /   /|\  |   |  /|\   \
			/___/ | | |   | | | \___\
			|  |  | | |---| | |  |  |
			|__|  \_| |_#_| |_/  |__|
			//\\  <\ _//^\\_ />  //\\
			\||/  |\//// \\\\/|  \||/
			      |   |   |   |
			      |---|   |---|
			      |---|   |---|
			      |   |   |   |
			      |___|   |___|
			      /   \   /   \
			     |_____| |_____|
			     |HHHHH| |HHHHH|

					"KILL ALL HUMANS!"
			          _____     /
			         /_____\
			    ____[\*---*/]____
			   /\ #\ \_____/ /# /\
			  /  \# \_.---._/ #/  \
			 /   /|\  |   |  /|\   \
			/___/ | | |   | | | \___\
			|  |  | | |---| | |  |  |
			|__|  \_| |_#_| |_/  |__|
			//\\  <\ _//^\\_ />  //\\
			\||/  |\//// \\\\/|  \||/
			      |   |   |   |
			      |---|   |---|
			      |---|   |---|
			      |   |   |   |
			      |___|   |___|
			      /   \   /   \
			     |_____| |_____|
			     |HHHHH| |HHHHH|

					"KILL ALL HUMANS!"
			          _____     /
			         /_____\
			    ____[\*---*/]____
			   /\ #\ \_____/ /# /\
			  /  \# \_.---._/ #/  \
			 /   /|\  |   |  /|\   \
			/___/ | | |   | | | \___\
			|  |  | | |---| | |  |  |
			|__|  \_| |_#_| |_/  |__|
			//\\  <\ _//^\\_ />  //\\
			\||/  |\//// \\\\/|  \||/
			      |   |   |   |
			      |---|   |---|
			      |---|   |---|
			      |   |   |   |
			      |___|   |___|
			      /   \   /   \
			     |_____| |_____|
			     |HHHHH| |HHHHH|

					"KILL ALL HUMANS!"
			          _____     /
			         /_____\
			    ____[\*---*/]____
			   /\ #\ \_____/ /# /\
			  /  \# \_.---._/ #/  \
			 /   /|\  |   |  /|\   \
			/___/ | | |   | | | \___\
			|  |  | | |---| | |  |  |
			|__|  \_| |_#_| |_/  |__|
			//\\  <\ _//^\\_ />  //\\
			\||/  |\//// \\\\/|  \||/
			      |   |   |   |
			      |---|   |---|
			      |---|   |---|
			      |   |   |   |
			      |___|   |___|
			      /   \   /   \
			     |_____| |_____|
			     |HHHHH| |HHHHH|

					"KILL ALL HUMANS!"
			          _____     /
			         /_____\
			    ____[\*---*/]____
			   /\ #\ \_____/ /# /\
			  /  \# \_.---._/ #/  \
			 /   /|\  |   |  /|\   \
			/___/ | | |   | | | \___\
			|  |  | | |---| | |  |  |
			|__|  \_| |_#_| |_/  |__|
			//\\  <\ _//^\\_ />  //\\
			\||/  |\//// \\\\/|  \||/
			      |   |   |   |
			      |---|   |---|
			      |---|   |---|
			      |   |   |   |
			      |___|   |___|
			      /   \   /   \
			     |_____| |_____|
			     |HHHHH| |HHHHH|

					"KILL ALL HUMANS!"
			          _____     /
			         /_____\
			    ____[\*---*/]____
			   /\ #\ \_____/ /# /\
			  /  \# \_.---._/ #/  \
			 /   /|\  |   |  /|\   \
			/___/ | | |   | | | \___\
			|  |  | | |---| | |  |  |
			|__|  \_| |_#_| |_/  |__|
			//\\  <\ _//^\\_ />  //\\
			\||/  |\//// \\\\/|  \||/
			      |   |   |   |
			      |---|   |---|
			      |---|   |---|
			      |   |   |   |
			      |___|   |___|
			      /   \   /   \
			     |_____| |_____|
			     |HHHHH| |HHHHH|

					"KILL ALL HUMANS!"
			          _____     /
			         /_____\
			    ____[\*---*/]____
			   /\ #\ \_____/ /# /\
			  /  \# \_.---._/ #/  \
			 /   /|\  |   |  /|\   \
			/___/ | | |   | | | \___\
			|  |  | | |---| | |  |  |
			|__|  \_| |_#_| |_/  |__|
			//\\  <\ _//^\\_ />  //\\
			\||/  |\//// \\\\/|  \||/
			      |   |   |   |
			      |---|   |---|
			      |---|   |---|
			      |   |   |   |
			      |___|   |___|
			      /   \   /   \
			     |_____| |_____|
			     |HHHHH| |HHHHH|

					"KILL ALL HUMANS!"
			          _____     /
			         /_____\
			    ____[\*---*/]____
			   /\ #\ \_____/ /# /\
			  /  \# \_.---._/ #/  \
			 /   /|\  |   |  /|\   \
			/___/ | | |   | | | \___\
			|  |  | | |---| | |  |  |
			|__|  \_| |_#_| |_/  |__|
			//\\  <\ _//^\\_ />  //\\
			\||/  |\//// \\\\/|  \||/
			      |   |   |   |
			      |---|   |---|
			      |---|   |---|
			      |   |   |   |
			      |___|   |___|
			      /   \   /   \
			     |_____| |_____|
			     |HHHHH| |HHHHH|

					"KILL ALL HUMANS!"
			          _____     /
			         /_____\
			    ____[\*---*/]____
			   /\ #\ \_____/ /# /\
			  /  \# \_.---._/ #/  \
			 /   /|\  |   |  /|\   \
			/___/ | | |   | | | \___\
			|  |  | | |---| | |  |  |
			|__|  \_| |_#_| |_/  |__|
			//\\  <\ _//^\\_ />  //\\
			\||/  |\//// \\\\/|  \||/
			      |   |   |   |
			      |---|   |---|
			      |---|   |---|
			      |   |   |   |
			      |___|   |___|
			      /   \   /   \
			     |_____| |_____|
			     |HHHHH| |HHHHH|

					"KILL ALL HUMANS!"
			          _____     /
			         /_____\
			    ____[\*---*/]____
			   /\ #\ \_____/ /# /\
			  /  \# \_.---._/ #/  \
			 /   /|\  |   |  /|\   \
			/___/ | | |   | | | \___\
			|  |  | | |---| | |  |  |
			|__|  \_| |_#_| |_/  |__|
			//\\  <\ _//^\\_ />  //\\
			\||/  |\//// \\\\/|  \||/
			      |   |   |   |
			      |---|   |---|
			      |---|   |---|
			      |   |   |   |
			      |___|   |___|
			      /   \   /   \
			     |_____| |_____|
			     |HHHHH| |HHHHH|
